<?xml version="1.0" encoding="UTF-8"?>
<!-- Generated by org.testng.reporters.JUnitReportReporter -->
<testsuite skipped="0" hostname="GIRISH-PC" name="getrequest.GetData" tests="3" failures="0" timestamp="03 Dec 2017 00:22:09 GMT" time="2.928" errors="0">
  <testcase name="favebookapi" time="2.647" classname="getrequest.GetData"/>
  <testcase name="testbody" time="0.130" classname="getrequest.GetData"/>
  <testcase name="testResponsecode" time="0.151" classname="getrequest.GetData"/>
</testsuite> <!-- getrequest.GetData -->
